<?xml version="1.0" encoding="UTF-8"?>
<!-- Generated by org.testng.reporters.JUnitXMLReporter -->
<testsuite ignored="0" hostname="hema" failures="0" tests="4" name="Default test" time="3.063" errors="0" timestamp="2024-08-11T15:07:34 IST">
  <testcase classname="tests.ECommAPITest" name="getToken" time="1.933"/>
  <testcase classname="tests.ECommAPITest" name="addProduct" time="0.733"/>
  <testcase classname="tests.ECommAPITest" name="createOrder" time="0.157"/>
  <testcase classname="tests.ECommAPITest" name="deleteProduct" time="0.19"/>
</testsuite> <!-- Default test -->
