<?xml version="1.0" encoding="UTF-8"?>
<testng-results ignored="0" total="4" passed="4" failed="0" skipped="0">
  <reporter-output>
  </reporter-output>
  <suite started-at="2024-08-11T15:07:31 IST" name="Default suite" finished-at="2024-08-11T15:07:34 IST" duration-ms="3063">
    <groups>
    </groups>
    <test started-at="2024-08-11T15:07:31 IST" name="Default test" finished-at="2024-08-11T15:07:34 IST" duration-ms="3063">
      <class name="tests.ECommAPITest">
        <test-method signature="getToken()[pri:1, instance:tests.ECommAPITest@368f2016]" started-at="2024-08-11T15:07:31 IST" name="getToken" finished-at="2024-08-11T15:07:33 IST" duration-ms="1933" status="PASS">
          <reporter-output>
          </reporter-output>
        </test-method> <!-- getToken -->
        <test-method signature="addProduct()[pri:1, instance:tests.ECommAPITest@368f2016]" started-at="2024-08-11T15:07:33 IST" name="addProduct" finished-at="2024-08-11T15:07:34 IST" depends-on-methods="tests.ECommAPITest.getToken" duration-ms="733" status="PASS">
          <reporter-output>
          </reporter-output>
        </test-method> <!-- addProduct -->
        <test-method signature="createOrder()[pri:4, instance:tests.ECommAPITest@368f2016]" started-at="2024-08-11T15:07:34 IST" name="createOrder" finished-at="2024-08-11T15:07:34 IST" depends-on-methods="tests.ECommAPITest.addProduct" duration-ms="157" status="PASS">
          <reporter-output>
          </reporter-output>
        </test-method> <!-- createOrder -->
        <test-method signature="deleteProduct()[pri:5, instance:tests.ECommAPITest@368f2016]" started-at="2024-08-11T15:07:34 IST" name="deleteProduct" finished-at="2024-08-11T15:07:34 IST" depends-on-methods="tests.ECommAPITest.addProduct" duration-ms="190" status="PASS">
          <reporter-output>
          </reporter-output>
        </test-method> <!-- deleteProduct -->
      </class> <!-- tests.ECommAPITest -->
    </test> <!-- Default test -->
  </suite> <!-- Default suite -->
</testng-results>
